0 info it worked if it ends with ok
1 verbose cli [ '/usr/local/bin/node', '/usr/local/bin/npm', 'publish' ]
2 info using npm@1.3.11
3 info using node@v0.10.21
4 verbose publish [ '.' ]
5 verbose cache add [ '.', null ]
6 verbose cache add name=undefined spec="." args=[".",null]
7 verbose parsed url { protocol: null,
7 verbose parsed url   slashes: null,
7 verbose parsed url   auth: null,
7 verbose parsed url   host: null,
7 verbose parsed url   port: null,
7 verbose parsed url   hostname: null,
7 verbose parsed url   hash: null,
7 verbose parsed url   search: null,
7 verbose parsed url   query: null,
7 verbose parsed url   pathname: '.',
7 verbose parsed url   path: '.',
7 verbose parsed url   href: '.' }
8 silly lockFile 3a52ce78- .
9 verbose lock . /home/raede/.npm/3a52ce78-.lock
10 verbose tar pack [ '/home/raede/tmp/npm-22507-ga5VXH0Y/1384820916826-0.8241623477078974/tmp.tgz',
10 verbose tar pack   '.' ]
11 verbose tarball /home/raede/tmp/npm-22507-ga5VXH0Y/1384820916826-0.8241623477078974/tmp.tgz
12 verbose folder .
13 silly lockFile 1f1177db-tar tar://.
14 verbose lock tar://. /home/raede/.npm/1f1177db-tar.lock
15 silly lockFile a7e0978a-16826-0-8241623477078974-tmp-tgz tar:///home/raede/tmp/npm-22507-ga5VXH0Y/1384820916826-0.8241623477078974/tmp.tgz
16 verbose lock tar:///home/raede/tmp/npm-22507-ga5VXH0Y/1384820916826-0.8241623477078974/tmp.tgz /home/raede/.npm/a7e0978a-16826-0-8241623477078974-tmp-tgz.lock
17 silly lockFile 1f1177db-tar tar://.
18 silly lockFile 1f1177db-tar tar://.
19 silly lockFile a7e0978a-16826-0-8241623477078974-tmp-tgz tar:///home/raede/tmp/npm-22507-ga5VXH0Y/1384820916826-0.8241623477078974/tmp.tgz
20 silly lockFile a7e0978a-16826-0-8241623477078974-tmp-tgz tar:///home/raede/tmp/npm-22507-ga5VXH0Y/1384820916826-0.8241623477078974/tmp.tgz
21 verbose tar unpack /home/raede/tmp/npm-22507-ga5VXH0Y/1384820916826-0.8241623477078974/tmp.tgz
22 silly lockFile 84d082b6-16826-0-8241623477078974-package tar:///home/raede/tmp/npm-22507-ga5VXH0Y/1384820916826-0.8241623477078974/package
23 verbose lock tar:///home/raede/tmp/npm-22507-ga5VXH0Y/1384820916826-0.8241623477078974/package /home/raede/.npm/84d082b6-16826-0-8241623477078974-package.lock
24 silly lockFile a7e0978a-16826-0-8241623477078974-tmp-tgz tar:///home/raede/tmp/npm-22507-ga5VXH0Y/1384820916826-0.8241623477078974/tmp.tgz
25 verbose lock tar:///home/raede/tmp/npm-22507-ga5VXH0Y/1384820916826-0.8241623477078974/tmp.tgz /home/raede/.npm/a7e0978a-16826-0-8241623477078974-tmp-tgz.lock
26 silly gunzTarPerm modes [ '755', '644' ]
27 silly gunzTarPerm extractEntry package.json
28 silly gunzTarPerm extractEntry README.md
29 silly gunzTarPerm extractEntry index.js
30 silly gunzTarPerm extractEntry index.coffee
31 silly gunzTarPerm extractEntry lib/endpoint.js
32 silly gunzTarPerm extractEntry lib/httperror.js
33 silly gunzTarPerm extractEntry lib/modelIndex.js
34 silly gunzTarPerm extractEntry lib/endpoint.coffee
35 silly gunzTarPerm extractEntry lib/httperror.coffee
36 silly gunzTarPerm extractEntry lib/modelIndex.coffee
37 silly gunzTarPerm extractEntry lib/response.coffee
38 silly lockFile 84d082b6-16826-0-8241623477078974-package tar:///home/raede/tmp/npm-22507-ga5VXH0Y/1384820916826-0.8241623477078974/package
39 silly lockFile 84d082b6-16826-0-8241623477078974-package tar:///home/raede/tmp/npm-22507-ga5VXH0Y/1384820916826-0.8241623477078974/package
40 silly lockFile a7e0978a-16826-0-8241623477078974-tmp-tgz tar:///home/raede/tmp/npm-22507-ga5VXH0Y/1384820916826-0.8241623477078974/tmp.tgz
41 silly lockFile a7e0978a-16826-0-8241623477078974-tmp-tgz tar:///home/raede/tmp/npm-22507-ga5VXH0Y/1384820916826-0.8241623477078974/tmp.tgz
42 verbose tar pack [ '/home/raede/.npm/restgoose/0.5.0/package.tgz',
42 verbose tar pack   '/home/raede/tmp/npm-22507-ga5VXH0Y/1384820916826-0.8241623477078974/package' ]
43 verbose tarball /home/raede/.npm/restgoose/0.5.0/package.tgz
44 verbose folder /home/raede/tmp/npm-22507-ga5VXH0Y/1384820916826-0.8241623477078974/package
45 silly lockFile 84d082b6-16826-0-8241623477078974-package tar:///home/raede/tmp/npm-22507-ga5VXH0Y/1384820916826-0.8241623477078974/package
46 verbose lock tar:///home/raede/tmp/npm-22507-ga5VXH0Y/1384820916826-0.8241623477078974/package /home/raede/.npm/84d082b6-16826-0-8241623477078974-package.lock
47 silly lockFile 937f63b3--npm-restgoose-0-5-0-package-tgz tar:///home/raede/.npm/restgoose/0.5.0/package.tgz
48 verbose lock tar:///home/raede/.npm/restgoose/0.5.0/package.tgz /home/raede/.npm/937f63b3--npm-restgoose-0-5-0-package-tgz.lock
49 silly lockFile 84d082b6-16826-0-8241623477078974-package tar:///home/raede/tmp/npm-22507-ga5VXH0Y/1384820916826-0.8241623477078974/package
50 silly lockFile 84d082b6-16826-0-8241623477078974-package tar:///home/raede/tmp/npm-22507-ga5VXH0Y/1384820916826-0.8241623477078974/package
51 silly lockFile 937f63b3--npm-restgoose-0-5-0-package-tgz tar:///home/raede/.npm/restgoose/0.5.0/package.tgz
52 silly lockFile 937f63b3--npm-restgoose-0-5-0-package-tgz tar:///home/raede/.npm/restgoose/0.5.0/package.tgz
53 silly lockFile 204dfa76-aede-npm-restgoose-0-5-0-package /home/raede/.npm/restgoose/0.5.0/package
54 verbose lock /home/raede/.npm/restgoose/0.5.0/package /home/raede/.npm/204dfa76-aede-npm-restgoose-0-5-0-package.lock
55 silly lockFile 204dfa76-aede-npm-restgoose-0-5-0-package /home/raede/.npm/restgoose/0.5.0/package
56 silly lockFile 204dfa76-aede-npm-restgoose-0-5-0-package /home/raede/.npm/restgoose/0.5.0/package
57 verbose tar unpack /home/raede/.npm/restgoose/0.5.0/package.tgz
58 silly lockFile 8b0d3272-aede-npm-restgoose-0-5-0-package tar:///home/raede/.npm/restgoose/0.5.0/package
59 verbose lock tar:///home/raede/.npm/restgoose/0.5.0/package /home/raede/.npm/8b0d3272-aede-npm-restgoose-0-5-0-package.lock
60 silly lockFile 937f63b3--npm-restgoose-0-5-0-package-tgz tar:///home/raede/.npm/restgoose/0.5.0/package.tgz
61 verbose lock tar:///home/raede/.npm/restgoose/0.5.0/package.tgz /home/raede/.npm/937f63b3--npm-restgoose-0-5-0-package-tgz.lock
62 silly gunzTarPerm modes [ '755', '644' ]
63 silly gunzTarPerm extractEntry package.json
64 silly gunzTarPerm extractEntry README.md
65 silly gunzTarPerm extractEntry index.js
66 silly gunzTarPerm extractEntry index.coffee
67 silly gunzTarPerm extractEntry lib/endpoint.js
68 silly gunzTarPerm extractEntry lib/httperror.js
69 silly gunzTarPerm extractEntry lib/modelIndex.js
70 silly gunzTarPerm extractEntry lib/endpoint.coffee
71 silly gunzTarPerm extractEntry lib/httperror.coffee
72 silly gunzTarPerm extractEntry lib/modelIndex.coffee
73 silly gunzTarPerm extractEntry lib/response.coffee
74 silly lockFile 8b0d3272-aede-npm-restgoose-0-5-0-package tar:///home/raede/.npm/restgoose/0.5.0/package
75 silly lockFile 8b0d3272-aede-npm-restgoose-0-5-0-package tar:///home/raede/.npm/restgoose/0.5.0/package
76 silly lockFile 937f63b3--npm-restgoose-0-5-0-package-tgz tar:///home/raede/.npm/restgoose/0.5.0/package.tgz
77 silly lockFile 937f63b3--npm-restgoose-0-5-0-package-tgz tar:///home/raede/.npm/restgoose/0.5.0/package.tgz
78 verbose chmod /home/raede/.npm/restgoose/0.5.0/package.tgz 644
79 verbose chown /home/raede/.npm/restgoose/0.5.0/package.tgz [ 1000, 1000 ]
80 silly lockFile 3a52ce78- .
81 silly lockFile 3a52ce78- .
82 silly publish { name: 'restgoose',
82 silly publish   version: '0.5.0',
82 silly publish   description: 'Easy REST endpoint creation for Mongoose documents',
82 silly publish   main: 'index.js',
82 silly publish   scripts: { test: 'echo "Error: no test specified" && exit 1' },
82 silly publish   repository:
82 silly publish    { type: 'git',
82 silly publish      url: 'https://jraede@github.com/jraede/restgoose.git' },
82 silly publish   keywords: [ 'REST', 'Mongoose', 'API' ],
82 silly publish   author: { name: 'Jason Raede', email: 'jason@torchedm.com' },
82 silly publish   license: 'MIT',
82 silly publish   bugs: { url: 'https://github.com/jraede/restgoose/issues' },
82 silly publish   homepage: 'https://github.com/jraede/restgoose',
82 silly publish   readme: 'mongoose-rest-endpoints\n=======================\n\nEasy REST api endpoint creation for express and mongoose documents\n\n## What is this?\n\nThere are obviously a bunch of packages available on NPM that let you set up REST endpoints for Mongoose documents. The problem with these, at least from what I\'ve seen, is they basically let you search for anything you want using any Mongo modifier you want in the URL. Meaning, there is no built-in limitation support on the server side, which could lead to severe problems.\n\nI built this with the intention of extending it for additional functionality when needed. It lets you define which fields to populate from, which fields to take from the query string, as well as apply custom middleware per HTTP verb, to give you full control over your data and how it is manipulated and retrieved by the browser or another consumer.\n\n## Installation\n\n`npm install --save mongoose-rest-endpoints`\n\n## How to set up an endpoint\n\nSetting up an endpoint is pretty straightforward. First, obviously, you ned to require in the module, and then you just create a new endpoint and register it to your Express app.\n\n```\n# Assuming that app has been defined above and is the Express app, before starting the server.\n\nvar mongooseRestEndpoints = require(\'mongoose-rest-endpoints\');\n\nvar mongoose = require(\'mongoose\');\n\nvar pageSchema = new mongoose.Schema({\n  title:String,\n  timestamp:Date,\n  _author:{\n    type:mongoose.Schema.Types.ObjectId,\n    ref:\'User\'\n  },\n  body:String\n});\n\npageModel = mongoose.model(\'Page\', pageSchema);\n  \n\nnew mongooseRestEndpoint.endpoint(\'/api/pages\', pageModel, {\n  query_vars:[\'title\',\'$gte_timestamp\',\'$lte_timestamp\'],\n  populate:[\'_author\']\n}).addMiddleware(\'post\', myAuthorizationFunction()).register(app);\n```\n\nSo, you\'ll need to first define a Mongoose schema and register it to a document collection. Then you can register the endpoint, passing arguments for the `base url`, the `mongoose document prototype`, and then any additional data like `populate` (which object ID references to populate automatically) and `query_vars` which query variables to parse from the query string.\n\nThen you can register middleware functions using `addMiddleware(VERB, FUNCTION(S)`, passing either a single function or an array of functions.\n\nFinally, register it to your express app, which will set up the URL routes used to access your endpoint.\n\nDefault endpoint URLs are:\n\n* POST: {BASE_URL}\n* PUT: {BASE_URL}/{_ID}\n* GET (single): {BASE_URL}/{_ID}\n* GET (list): {BASE_URL}/list\n* DELETE: {BASE_URL}/{_ID}\n\nIf you want to add your own you can extend the base `endPoint` class and add your custom methods (and make sure you register them as well).\n\n',
82 silly publish   readmeFilename: 'README.md',
82 silly publish   _id: 'restgoose@0.5.0',
82 silly publish   dist: { shasum: '17d13603f99f32e228c343a1405788232e37b941' },
82 silly publish   _from: '.' }
83 verbose url raw restgoose
84 verbose url resolving [ 'https://registry.npmjs.org/', './restgoose' ]
85 verbose url resolved https://registry.npmjs.org/restgoose
86 info trying registry request attempt 1 at 16:28:37
87 http PUT https://registry.npmjs.org/restgoose
88 http 409 https://registry.npmjs.org/restgoose
89 verbose url raw restgoose
90 verbose url resolving [ 'https://registry.npmjs.org/', './restgoose' ]
91 verbose url resolved https://registry.npmjs.org/restgoose
92 info trying registry request attempt 1 at 16:28:37
93 http GET https://registry.npmjs.org/restgoose
94 http 200 https://registry.npmjs.org/restgoose
95 verbose uploading [ 'restgoose/-/restgoose-0.5.0.tgz/-rev/4-d11e59902b33a8bdc680fb97d8486de1',
95 verbose uploading   '/home/raede/.npm/restgoose/0.5.0/package.tgz' ]
96 verbose url raw restgoose/-/restgoose-0.5.0.tgz/-rev/4-d11e59902b33a8bdc680fb97d8486de1
97 verbose url resolving [ 'https://registry.npmjs.org/',
97 verbose url resolving   './restgoose/-/restgoose-0.5.0.tgz/-rev/4-d11e59902b33a8bdc680fb97d8486de1' ]
98 verbose url resolved https://registry.npmjs.org/restgoose/-/restgoose-0.5.0.tgz/-rev/4-d11e59902b33a8bdc680fb97d8486de1
99 info trying registry request attempt 1 at 16:28:38
100 http PUT https://registry.npmjs.org/restgoose/-/restgoose-0.5.0.tgz/-rev/4-d11e59902b33a8bdc680fb97d8486de1
101 http 403 https://registry.npmjs.org/restgoose/-/restgoose-0.5.0.tgz/-rev/4-d11e59902b33a8bdc680fb97d8486de1
102 info trying registry request attempt 1 at 16:28:39
103 http PUT https://registry.npmjs.org/restgoose/-/restgoose-0.5.0.tgz/-rev/4-d11e59902b33a8bdc680fb97d8486de1
104 http 403 https://registry.npmjs.org/restgoose/-/restgoose-0.5.0.tgz/-rev/4-d11e59902b33a8bdc680fb97d8486de1
105 error publish Error uploading package
106 error Error: forbidden user: jraede not authorized to modify restgoose
106 error Added: _attachments.restgoose-0.5.0.tgz: restgoose/-/restgoose-0.5.0.tgz/-rev/4-d11e59902b33a8bdc680fb97d8486de1
106 error     at RegClient.<anonymous> (/usr/local/lib/node_modules/npm/node_modules/npm-registry-client/lib/request.js:272:14)
106 error     at Request.self.callback (/usr/local/lib/node_modules/npm/node_modules/request/request.js:129:22)
106 error     at Request.EventEmitter.emit (events.js:98:17)
106 error     at Request.<anonymous> (/usr/local/lib/node_modules/npm/node_modules/request/request.js:873:14)
106 error     at Request.EventEmitter.emit (events.js:117:20)
106 error     at IncomingMessage.<anonymous> (/usr/local/lib/node_modules/npm/node_modules/request/request.js:824:12)
106 error     at IncomingMessage.EventEmitter.emit (events.js:117:20)
106 error     at _stream_readable.js:920:16
106 error     at process._tickCallback (node.js:415:13)
107 error If you need help, you may report this log at:
107 error     <http://github.com/isaacs/npm/issues>
107 error or email it to:
107 error     <npm-@googlegroups.com>
108 error System Linux 3.11.0-13-generic
109 error command "/usr/local/bin/node" "/usr/local/bin/npm" "publish"
110 error cwd /home/raede/dev/mongoose-rest-endpoints
111 error node -v v0.10.21
112 error npm -v 1.3.11
113 verbose exit [ 1, true ]
